<?xml version="1.0" encoding="UTF-8"?>
<testng-results skipped="0" failed="0" ignored="0" total="1" passed="1">
  <reporter-output>
  </reporter-output>
  <suite name="Default suite" duration-ms="22506" started-at="2017-05-19T06:22:54Z" finished-at="2017-05-19T06:23:17Z">
    <groups>
    </groups>
    <test name="Default test" duration-ms="22506" started-at="2017-05-19T06:22:54Z" finished-at="2017-05-19T06:23:17Z">
      <class name="Cases.handleprintpopup">
        <test-method status="PASS" signature="start()[pri:0, instance:Cases.handleprintpopup@643b1d11]" name="start" is-config="true" duration-ms="7110" started-at="2017-05-19T11:52:54Z" finished-at="2017-05-19T11:53:01Z">
          <reporter-output>
          </reporter-output>
        </test-method> <!-- start -->
        <test-method status="PASS" signature="printpop()[pri:0, instance:Cases.handleprintpopup@643b1d11]" name="printpop" duration-ms="15364" started-at="2017-05-19T11:53:01Z" finished-at="2017-05-19T11:53:17Z">
          <reporter-output>
          </reporter-output>
        </test-method> <!-- printpop -->
        <test-method status="PASS" signature="quit()[pri:0, instance:Cases.handleprintpopup@643b1d11]" name="quit" is-config="true" duration-ms="0" started-at="2017-05-19T11:53:17Z" finished-at="2017-05-19T11:53:17Z">
          <reporter-output>
          </reporter-output>
        </test-method> <!-- quit -->
      </class> <!-- Cases.handleprintpopup -->
    </test> <!-- Default test -->
  </suite> <!-- Default suite -->
</testng-results>
