<?xml version="1.0" encoding="UTF-8"?>
<testng-results skipped="0" failed="0" ignored="0" total="1" passed="1">
  <reporter-output>
  </reporter-output>
  <suite name="Default suite" duration-ms="60238" started-at="2017-06-17T12:25:15Z" finished-at="2017-06-17T12:26:15Z">
    <groups>
    </groups>
    <test name="Default test" duration-ms="60238" started-at="2017-06-17T12:25:15Z" finished-at="2017-06-17T12:26:15Z">
      <class name="Cases.GridTest">
        <test-method status="PASS" signature="start()[pri:0, instance:Cases.GridTest@36d4b5c]" name="start" is-config="true" duration-ms="11033" started-at="2017-06-17T17:55:15Z" finished-at="2017-06-17T17:55:26Z">
          <reporter-output>
          </reporter-output>
        </test-method> <!-- start -->
        <test-method status="PASS" signature="TC_002()[pri:0, instance:Cases.GridTest@36d4b5c]" name="TC_002" duration-ms="47728" started-at="2017-06-17T17:55:26Z" finished-at="2017-06-17T17:56:14Z">
          <reporter-output>
          </reporter-output>
        </test-method> <!-- TC_002 -->
        <test-method status="PASS" signature="quit()[pri:0, instance:Cases.GridTest@36d4b5c]" name="quit" is-config="true" duration-ms="1354" started-at="2017-06-17T17:56:14Z" finished-at="2017-06-17T17:56:15Z">
          <reporter-output>
          </reporter-output>
        </test-method> <!-- quit -->
      </class> <!-- Cases.GridTest -->
    </test> <!-- Default test -->
  </suite> <!-- Default suite -->
</testng-results>
